0 info it worked if it ends with ok
1 verbose cli [ 'C:\\Program Files\\nodejs\\node.exe',
1 verbose cli   'C:\\Program Files\\nodejs\\node_modules\\npm\\bin\\npm-cli.js',
1 verbose cli   'i',
1 verbose cli   '-g',
1 verbose cli   'now' ]
2 info using npm@3.10.10
3 info using node@v7.2.1
4 silly loadCurrentTree Starting
5 silly install loadCurrentTree
6 silly install readGlobalPackageData
7 silly fetchPackageMetaData now
8 silly fetchNamedPackageData now
9 silly mapToRegistry name now
10 silly mapToRegistry using default registry
11 silly mapToRegistry registry https://registry.npmjs.org/
12 silly mapToRegistry data Result {
12 silly mapToRegistry   raw: 'now',
12 silly mapToRegistry   scope: null,
12 silly mapToRegistry   escapedName: 'now',
12 silly mapToRegistry   name: 'now',
12 silly mapToRegistry   rawSpec: '',
12 silly mapToRegistry   spec: 'latest',
12 silly mapToRegistry   type: 'tag' }
13 silly mapToRegistry uri https://registry.npmjs.org/now
14 verbose request uri https://registry.npmjs.org/now
15 verbose request no auth needed
16 info attempt registry request try #1 at 10:20:45 PM
17 verbose request id 30d838e3e965f791
18 http request GET https://registry.npmjs.org/now
19 http 200 https://registry.npmjs.org/now
20 verbose headers { date: 'Fri, 22 Feb 2019 20:20:49 GMT',
20 verbose headers   'content-type': 'application/json',
20 verbose headers   'transfer-encoding': 'chunked',
20 verbose headers   connection: 'keep-alive',
20 verbose headers   'set-cookie': [ '__cfduid=d47d0c8efbe67d015b3054e39a142b9c01550866848; expires=Sat, 22-Feb-20 20:20:48 GMT; path=/; domain=.registry.npmjs.org; HttpOnly' ],
20 verbose headers   'cf-cache-status': 'REVALIDATED',
20 verbose headers   'cache-control': 'max-age=300',
20 verbose headers   'cf-ray': '4ad427cc6ee4418b-CAI',
20 verbose headers   etag: 'W/"c7fe67284c41db399a43995769e17e7b"',
20 verbose headers   'expect-ct': 'max-age=604800, report-uri="https://report-uri.cloudflare.com/cdn-cgi/beacon/expect-ct"',
20 verbose headers   'last-modified': 'Mon, 18 Feb 2019 15:55:33 GMT',
20 verbose headers   vary: 'accept-encoding, accept',
20 verbose headers   'x-amz-meta-rev': '763-c64540d7b795f89cbb156dec4c914c47',
20 verbose headers   server: 'cloudflare',
20 verbose headers   'content-encoding': 'gzip' }
21 silly get cb [ 200,
21 silly get   { date: 'Fri, 22 Feb 2019 20:20:49 GMT',
21 silly get     'content-type': 'application/json',
21 silly get     'transfer-encoding': 'chunked',
21 silly get     connection: 'keep-alive',
21 silly get     'set-cookie': [ '__cfduid=d47d0c8efbe67d015b3054e39a142b9c01550866848; expires=Sat, 22-Feb-20 20:20:48 GMT; path=/; domain=.registry.npmjs.org; HttpOnly' ],
21 silly get     'cf-cache-status': 'REVALIDATED',
21 silly get     'cache-control': 'max-age=300',
21 silly get     'cf-ray': '4ad427cc6ee4418b-CAI',
21 silly get     etag: 'W/"c7fe67284c41db399a43995769e17e7b"',
21 silly get     'expect-ct': 'max-age=604800, report-uri="https://report-uri.cloudflare.com/cdn-cgi/beacon/expect-ct"',
21 silly get     'last-modified': 'Mon, 18 Feb 2019 15:55:33 GMT',
21 silly get     vary: 'accept-encoding, accept',
21 silly get     'x-amz-meta-rev': '763-c64540d7b795f89cbb156dec4c914c47',
21 silly get     server: 'cloudflare',
21 silly get     'content-encoding': 'gzip' } ]
22 verbose get saving now to C:\Users\Bashar\AppData\Roaming\npm-cache\registry.npmjs.org\now\.cache.json
23 verbose correctMkdir C:\Users\Bashar\AppData\Roaming\npm-cache correctMkdir not in flight; initializing
24 silly install normalizeTree
25 silly loadCurrentTree Finishing
26 silly loadIdealTree Starting
27 silly install loadIdealTree
28 silly cloneCurrentTree Starting
29 silly install cloneCurrentTreeToIdealTree
30 silly cloneCurrentTree Finishing
31 silly loadShrinkwrap Starting
32 silly install loadShrinkwrap
33 silly loadShrinkwrap Finishing
34 silly loadAllDepsIntoIdealTree Starting
35 silly install loadAllDepsIntoIdealTree
36 silly resolveWithNewModule now@14.0.0 checking installable status
37 silly cache add args [ 'now', null ]
38 verbose cache add spec now
39 silly cache add parsed spec Result {
39 silly cache add   raw: 'now',
39 silly cache add   scope: null,
39 silly cache add   escapedName: 'now',
39 silly cache add   name: 'now',
39 silly cache add   rawSpec: '',
39 silly cache add   spec: 'latest',
39 silly cache add   type: 'tag' }
40 silly addNamed now@latest
41 verbose addNamed "latest" is being treated as a dist-tag for now
42 info addNameTag [ 'now', 'latest' ]
43 silly mapToRegistry name now
44 silly mapToRegistry using default registry
45 silly mapToRegistry registry https://registry.npmjs.org/
46 silly mapToRegistry data Result {
46 silly mapToRegistry   raw: 'now',
46 silly mapToRegistry   scope: null,
46 silly mapToRegistry   escapedName: 'now',
46 silly mapToRegistry   name: 'now',
46 silly mapToRegistry   rawSpec: '',
46 silly mapToRegistry   spec: 'latest',
46 silly mapToRegistry   type: 'tag' }
47 silly mapToRegistry uri https://registry.npmjs.org/now
48 verbose addNameTag registry:https://registry.npmjs.org/now not in flight; fetching
49 verbose get https://registry.npmjs.org/now not expired, no request
50 silly addNameTag next cb for now with tag latest
51 silly addNamed now@14.0.0
52 verbose addNamed "14.0.0" is a plain semver version for now
53 silly mapToRegistry name now
54 silly mapToRegistry using default registry
55 silly mapToRegistry registry https://registry.npmjs.org/
56 silly mapToRegistry data Result {
56 silly mapToRegistry   raw: 'now',
56 silly mapToRegistry   scope: null,
56 silly mapToRegistry   escapedName: 'now',
56 silly mapToRegistry   name: 'now',
56 silly mapToRegistry   rawSpec: '',
56 silly mapToRegistry   spec: 'latest',
56 silly mapToRegistry   type: 'tag' }
57 silly mapToRegistry uri https://registry.npmjs.org/now
58 verbose addRemoteTarball https://registry.npmjs.org/now/-/now-14.0.0.tgz not in flight; adding
59 verbose addRemoteTarball [ 'https://registry.npmjs.org/now/-/now-14.0.0.tgz',
59 verbose addRemoteTarball   '7fb7aff0c7c1465e534d84198c9e19d284f9cd59' ]
60 info retry fetch attempt 1 at 10:20:50 PM
61 info attempt registry request try #1 at 10:20:50 PM
62 http fetch GET https://registry.npmjs.org/now/-/now-14.0.0.tgz
63 http fetch 200 https://registry.npmjs.org/now/-/now-14.0.0.tgz
64 silly fetchAndShaCheck shasum 7fb7aff0c7c1465e534d84198c9e19d284f9cd59
65 verbose addTmpTarball C:\Users\Bashar\AppData\Local\Temp\npm-10296-f98de838\registry.npmjs.org\now\-\now-14.0.0.tgz not in flight; adding
66 verbose addTmpTarball already have metadata; skipping unpack for now@14.0.0
67 verbose correctMkdir C:\Users\Bashar\AppData\Roaming\npm-cache correctMkdir not in flight; initializing
68 silly cache afterAdd now@14.0.0
69 verbose afterAdd C:\Users\Bashar\AppData\Roaming\npm-cache\now\14.0.0\package\package.json not in flight; writing
70 verbose correctMkdir C:\Users\Bashar\AppData\Roaming\npm-cache correctMkdir not in flight; initializing
71 verbose afterAdd C:\Users\Bashar\AppData\Roaming\npm-cache\now\14.0.0\package\package.json written
72 silly loadAllDepsIntoIdealTree Finishing
73 silly loadIdealTree Finishing
74 silly currentTree npm
75 silly idealTree npm
75 silly idealTree `-- now@14.0.0
76 silly generateActionsToTake Starting
77 silly install generateActionsToTake
78 silly generateActionsToTake Finishing
79 silly diffTrees action count 1
80 silly diffTrees add now@14.0.0
81 silly decomposeActions action count 8
82 silly decomposeActions fetch now@14.0.0
83 silly decomposeActions extract now@14.0.0
84 silly decomposeActions test now@14.0.0
85 silly decomposeActions preinstall now@14.0.0
86 silly decomposeActions build now@14.0.0
87 silly decomposeActions install now@14.0.0
88 silly decomposeActions postinstall now@14.0.0
89 silly decomposeActions finalize now@14.0.0
90 silly runTopLevelLifecycles Starting
91 silly executeActions Starting
92 silly install executeActions
93 silly doSerial global-install 0
94 silly doParallel fetch 1
95 verbose correctMkdir C:\Users\Bashar\AppData\Roaming\npm-cache\_locks correctMkdir not in flight; initializing
96 verbose lock using C:\Users\Bashar\AppData\Roaming\npm-cache\_locks\staging-86ca5839b8df087d.lock for C:\Users\Bashar\AppData\Roaming\npm\node_modules\.staging
97 silly doParallel extract 1
98 silly extract now@14.0.0
99 verbose unbuild node_modules\.staging\now-2ecff58e
100 silly gentlyRm C:\Users\Bashar\AppData\Roaming\npm\node_modules\.staging\now-2ecff58e is being purged from base C:\Users\Bashar\AppData\Roaming\npm
101 verbose gentlyRm don't care about contents; nuking C:\Users\Bashar\AppData\Roaming\npm\node_modules\.staging\now-2ecff58e
102 verbose tar unpack C:\Users\Bashar\AppData\Roaming\npm-cache\now\14.0.0\package.tgz
103 verbose tar unpacking to C:\Users\Bashar\AppData\Roaming\npm\node_modules\.staging\now-2ecff58e
104 silly gentlyRm C:\Users\Bashar\AppData\Roaming\npm\node_modules\.staging\now-2ecff58e is being purged
105 verbose gentlyRm don't care about contents; nuking C:\Users\Bashar\AppData\Roaming\npm\node_modules\.staging\now-2ecff58e
106 silly gunzTarPerm modes [ '777', '666' ]
107 silly gunzTarPerm extractEntry package.json
108 silly gunzTarPerm modified mode [ 'package.json', 420, 438 ]
109 silly gunzTarPerm extractEntry LICENSE
110 silly gunzTarPerm modified mode [ 'LICENSE', 420, 438 ]
111 silly gunzTarPerm extractEntry README.md
112 silly gunzTarPerm modified mode [ 'README.md', 420, 438 ]
113 silly gunzTarPerm extractEntry download/dist/index.js
114 silly gunzTarPerm modified mode [ 'download/dist/index.js', 420, 438 ]
115 silly gunzTarPerm extractEntry download/dist/now
116 silly gunzTarPerm modified mode [ 'download/dist/now', 420, 438 ]
117 silly gunzTarPerm extractEntry download/install.js
118 silly gunzTarPerm modified mode [ 'download/install.js', 420, 438 ]
119 silly gentlyRm C:\Users\Bashar\AppData\Roaming\npm\node_modules\.staging\now-2ecff58e\node_modules is being purged
120 verbose gentlyRm don't care about contents; nuking C:\Users\Bashar\AppData\Roaming\npm\node_modules\.staging\now-2ecff58e\node_modules
121 silly doParallel preinstall 1
122 silly preinstall now@14.0.0 C:\Users\Bashar\AppData\Roaming\npm\node_modules\.staging\now-2ecff58e
123 info lifecycle now@14.0.0~preinstall: now@14.0.0
124 silly lifecycle now@14.0.0~preinstall: no script for preinstall, continuing
125 silly doReverseSerial remove 0
126 silly doSerial move 0
127 silly doSerial finalize 1
128 silly finalize C:\Users\Bashar\AppData\Roaming\npm\node_modules\now
129 silly doSerial build 1
130 silly build now@14.0.0
131 info linkStuff now@14.0.0
132 silly linkStuff now@14.0.0 has C:\Users\Bashar\AppData\Roaming\npm\node_modules as its parent node_modules
133 silly linkStuff now@14.0.0 is part of a global install
134 silly linkStuff now@14.0.0 is installed into a global node_modules
135 silly linkStuff now@14.0.0 is installed into the top-level global node_modules
136 verbose linkBins now@14.0.0
137 verbose link bins [ { now: 'download/dist/now' },
137 verbose link bins   'C:\\Users\\Bashar\\AppData\\Roaming\\npm',
137 verbose link bins   true ]
138 verbose linkMans now@14.0.0
139 silly doSerial global-link 0
140 silly doParallel update-linked 0
141 silly doSerial install 1
142 silly install now@14.0.0 C:\Users\Bashar\AppData\Roaming\npm\node_modules\.staging\now-2ecff58e
143 info lifecycle now@14.0.0~install: now@14.0.0
144 silly lifecycle now@14.0.0~install: no script for install, continuing
145 silly doSerial postinstall 1
146 silly postinstall now@14.0.0 C:\Users\Bashar\AppData\Roaming\npm\node_modules\.staging\now-2ecff58e
147 info lifecycle now@14.0.0~postinstall: now@14.0.0
148 verbose lifecycle now@14.0.0~postinstall: unsafe-perm in lifecycle true
149 verbose lifecycle now@14.0.0~postinstall: PATH: C:\Program Files\nodejs\node_modules\npm\bin\node-gyp-bin;C:\Users\Bashar\AppData\Roaming\npm\node_modules\now\node_modules\.bin;C:\Users\Bashar\AppData\Roaming\npm\node_modules\.bin;C:\Program Files\Broadcom\Broadcom 802.11 Network Adapter;C:\Windows\system32;C:\Windows;C:\Windows\System32\Wbem;C:\Windows\System32\WindowsPowerShell\v1.0\;C:\mongodb;C:\Windows\System32\OpenSSH\;C:\Program Files (x86)\ATI Technologies\ATI.ACE\Core-Static;C:\Program Files\Git\cmd;C:\Program Files\nodejs\;C:\Program Files\MongoDB\Server\3.4\bin;C:\Program Files\Microsoft VS Code\bin;C:\Users\Bashar\AppData\Roaming\npm;
150 verbose lifecycle now@14.0.0~postinstall: CWD: C:\Users\Bashar\AppData\Roaming\npm\node_modules\now
151 silly lifecycle now@14.0.0~postinstall: Args: [ '/d /s /c', 'node download/install.js' ]
152 silly lifecycle now@14.0.0~postinstall: Returned: code: 1  signal: null
153 info lifecycle now@14.0.0~postinstall: Failed to exec postinstall script
154 verbose unlock done using C:\Users\Bashar\AppData\Roaming\npm-cache\_locks\staging-86ca5839b8df087d.lock for C:\Users\Bashar\AppData\Roaming\npm\node_modules\.staging
155 silly rollbackFailedOptional Starting
156 silly rollbackFailedOptional Finishing
157 silly runTopLevelLifecycles Finishing
158 silly install printInstalled
159 verbose stack Error: now@14.0.0 postinstall: `node download/install.js`
159 verbose stack Exit status 1
159 verbose stack     at EventEmitter.<anonymous> (C:\Program Files\nodejs\node_modules\npm\lib\utils\lifecycle.js:255:16)
159 verbose stack     at emitTwo (events.js:106:13)
159 verbose stack     at EventEmitter.emit (events.js:191:7)
159 verbose stack     at ChildProcess.<anonymous> (C:\Program Files\nodejs\node_modules\npm\lib\utils\spawn.js:40:14)
159 verbose stack     at emitTwo (events.js:106:13)
159 verbose stack     at ChildProcess.emit (events.js:191:7)
159 verbose stack     at maybeClose (internal/child_process.js:885:16)
159 verbose stack     at Process.ChildProcess._handle.onexit (internal/child_process.js:226:5)
160 verbose pkgid now@14.0.0
161 verbose cwd C:\Users\Bashar\node\oow
162 error Windows_NT 10.0.17134
163 error argv "C:\\Program Files\\nodejs\\node.exe" "C:\\Program Files\\nodejs\\node_modules\\npm\\bin\\npm-cli.js" "i" "-g" "now"
164 error node v7.2.1
165 error npm  v3.10.10
166 error code ELIFECYCLE
167 error now@14.0.0 postinstall: `node download/install.js`
167 error Exit status 1
168 error Failed at the now@14.0.0 postinstall script 'node download/install.js'.
168 error Make sure you have the latest version of node.js and npm installed.
168 error If you do, this is most likely a problem with the now package,
168 error not with npm itself.
168 error Tell the author that this fails on your system:
168 error     node download/install.js
168 error You can get information on how to open an issue for this project with:
168 error     npm bugs now
168 error Or if that isn't available, you can get their info via:
168 error     npm owner ls now
168 error There is likely additional logging output above.
169 verbose exit [ 1, true ]
